Using pre-set license
Built from '2020.3/staging' branch; Version is '2020.3.19f1 (68f137dc9bbe) revision 6877495'; Using compiler version '192528614'; Build Type 'Release'
OS: 'Windows 10 Pro; OS build 19041.1348; Version 2004; 64bit' Language: 'en' Physical Memory: 40888 MB
BatchMode: 1, IsHumanControllingUs: 0, StartBugReporterOnCrash: 0, Is64bit: 1, IsPro: 0

COMMAND LINE ARGUMENTS:
D:\Program Files\Unity\Hub\Editor\2020.3.19f1\Editor\Unity.exe
-adb2
-batchMode
-noUpm
-name
AssetImportWorker0
-projectPath
D:/Documents/Y3S1/CMP303/CMP303-Server/CourseworkServer/Game Server
-logFile
Logs/AssetImportWorker0.log
-srvPort
63625
Successfully changed project path to: D:/Documents/Y3S1/CMP303/CMP303-Server/CourseworkServer/Game Server
D:/Documents/Y3S1/CMP303/CMP303-Server/CourseworkServer/Game Server
Using Asset Import Pipeline V2.
Refreshing native plugins compatible for Editor in 50.01 ms, found 3 plugins.
Preloading 0 native plugins for Editor in 0.00 ms.
Initialize engine version: 2020.3.19f1 (68f137dc9bbe)
[Subsystems] Discovering subsystems at path D:/Program Files/Unity/Hub/Editor/2020.3.19f1/Editor/Data/Resources/UnitySubsystems
[Subsystems] Discovering subsystems at path D:/Documents/Y3S1/CMP303/CMP303-Server/CourseworkServer/Game Server/Assets
GfxDevice: creating device client; threaded=0
Direct3D:
    Version:  Direct3D 11.0 [level 11.1]
    Renderer: NVIDIA GeForce RTX 2080 SUPER (ID=0x1e81)
    Vendor:   
    VRAM:     8010 MB
    Driver:   30.0.14.9709
Initialize mono
Mono path[0] = 'D:/Program Files/Unity/Hub/Editor/2020.3.19f1/Editor/Data/Managed'
Mono path[1] = 'D:/Program Files/Unity/Hub/Editor/2020.3.19f1/Editor/Data/MonoBleedingEdge/lib/mono/unityjit'
Mono config path = 'D:/Program Files/Unity/Hub/Editor/2020.3.19f1/Editor/Data/MonoBleedingEdge/etc'
Using monoOptions --debugger-agent=transport=dt_socket,embedding=1,server=y,suspend=n,address=127.0.0.1:56264
Begin MonoManager ReloadAssembly
Registering precompiled unity dll's ...
Register platform support module: D:/Program Files/Unity/Hub/Editor/2020.3.19f1/Editor/Data/PlaybackEngines/WebGLSupport/UnityEditor.WebGL.Extensions.dll
Register platform support module: D:/Program Files/Unity/Hub/Editor/2020.3.19f1/Editor/Data/PlaybackEngines/WindowsStandaloneSupport/UnityEditor.WindowsStandalone.Extensions.dll
Registered in 0.004149 seconds.
Native extension for WindowsStandalone target not found
Native extension for WebGL target not found
Refreshing native plugins compatible for Editor in 42.39 ms, found 3 plugins.
Preloading 0 native plugins for Editor in 0.00 ms.
Mono: successfully reloaded assembly
- Completed reload, in  1.287 seconds
Domain Reload Profiling:
	ReloadAssembly (1287ms)
		BeginReloadAssembly (62ms)
			ExecutionOrderSort (0ms)
			DisableScriptedObjects (0ms)
			BackupInstance (0ms)
			ReleaseScriptingObjects (0ms)
			CreateAndSetChildDomain (1ms)
		EndReloadAssembly (378ms)
			LoadAssemblies (58ms)
			RebuildTransferFunctionScriptingTraits (0ms)
			SetupTypeCache (130ms)
			ReleaseScriptCaches (0ms)
			RebuildScriptCaches (25ms)
			SetupLoadedEditorAssemblies (155ms)
				LogAssemblyErrors (0ms)
				InitializePlatformSupportModulesInManaged (5ms)
				SetLoadedEditorAssemblies (0ms)
				RefreshPlugins (42ms)
				BeforeProcessingInitializeOnLoad (15ms)
				ProcessInitializeOnLoadAttributes (64ms)
				ProcessInitializeOnLoadMethodAttributes (28ms)
				AfterProcessingInitializeOnLoad (0ms)
				EditorAssembliesLoaded (0ms)
			ExecutionOrderSort2 (0ms)
			AwakeInstancesAfterBackupRestoration (0ms)
Platform modules already initialized, skipping
Registering precompiled user dll's ...
Registered in 0.004966 seconds.
Begin MonoManager ReloadAssembly
Native extension for WindowsStandalone target not found
Native extension for WebGL target not found
Refreshing native plugins compatible for Editor in 43.63 ms, found 3 plugins.
Preloading 0 native plugins for Editor in 0.00 ms.
Mono: successfully reloaded assembly
- Completed reload, in  1.056 seconds
Domain Reload Profiling:
	ReloadAssembly (1058ms)
		BeginReloadAssembly (150ms)
			ExecutionOrderSort (0ms)
			DisableScriptedObjects (4ms)
			BackupInstance (0ms)
			ReleaseScriptingObjects (0ms)
			CreateAndSetChildDomain (19ms)
		EndReloadAssembly (840ms)
			LoadAssemblies (104ms)
			RebuildTransferFunctionScriptingTraits (0ms)
			SetupTypeCache (257ms)
			ReleaseScriptCaches (1ms)
			RebuildScriptCaches (41ms)
			SetupLoadedEditorAssemblies (333ms)
				LogAssemblyErrors (0ms)
				InitializePlatformSupportModulesInManaged (5ms)
				SetLoadedEditorAssemblies (0ms)
				RefreshPlugins (44ms)
				BeforeProcessingInitializeOnLoad (89ms)
				ProcessInitializeOnLoadAttributes (173ms)
				ProcessInitializeOnLoadMethodAttributes (11ms)
				AfterProcessingInitializeOnLoad (11ms)
				EditorAssembliesLoaded (0ms)
			ExecutionOrderSort2 (0ms)
			AwakeInstancesAfterBackupRestoration (6ms)
Platform modules already initialized, skipping
========================================================================
Worker process is ready to serve import requests
Launched and connected shader compiler UnityShaderCompiler.exe after 0.06 seconds
Refreshing native plugins compatible for Editor in 0.63 ms, found 3 plugins.
Preloading 0 native plugins for Editor in 0.00 ms.
Unloading 2103 Unused Serialized files (Serialized files now loaded: 0)
System memory in use before: 93.4 MB.
System memory in use after: 93.5 MB.

Unloading 26 unused Assets to reduce memory usage. Loaded Objects now: 2543.
Total: 3.249700 ms (FindLiveObjects: 0.261800 ms CreateObjectMapping: 0.050800 ms MarkObjects: 2.874500 ms  DeleteObjects: 0.061500 ms)

AssetImportParameters requested are different than current active one (requested -> active):
  custom:framework-win-MediaFoundation: 216162199b28c13a410421893ffa2e32 -> 
  custom:video-decoder-ogg-theora: a1e56fd34408186e4bbccfd4996cb3dc -> 
  custom:container-muxer-webm: aa71ff27fc2769a1b78a27578f13a17b -> 
  custom:container-demuxer-webm: 4f35f7cbe854078d1ac9338744f61a02 -> 
  custom:container-demuxer-ogg: 62fdf1f143b41e24485cea50d1cbac27 -> 
  custom:video-encoder-webm-vp8: eb34c28f22e8b96e1ab97ce403110664 -> 
  custom:video-decoder-webm-vp8: 9c59270c3fd7afecdb556c50c9e8de78 -> 
  custom:audio-decoder-ogg-vorbis: bf7c407c2cedff20999df2af8eb42d56 -> 
  custom:audio-encoder-webm-vorbis: bf7c407c2cedff20999df2af8eb42d56 -> 
========================================================================
Received Import Request.
  path: Assets/topdown-shooter/PNG/Tiles/tile_01.png
  artifactKey: Guid(b7483536c45936a4eaf8eaeb3c8e3127) Importer(815301076,1909f56bfc062723c751e8b465ee728b)
Start importing Assets/topdown-shooter/PNG/Tiles/tile_01.png using Guid(b7483536c45936a4eaf8eaeb3c8e3127) Importer(815301076,1909f56bfc062723c751e8b465ee728b)  -> (artifact id: '7fc6e31ef43bed4fe01d913b3e7af3f7') in 0.103405 seconds 
  Import took 0.106716 seconds .

========================================================================
Received Import Request.
  Time since last request: 0.000159 seconds.
  path: Assets/topdown-shooter/PNG/Tiles/tile_47.png
  artifactKey: Guid(27cf1105661819a45a99b9d52813e903) Importer(815301076,1909f56bfc062723c751e8b465ee728b)
Start importing Assets/topdown-shooter/PNG/Tiles/tile_47.png using Guid(27cf1105661819a45a99b9d52813e903) Importer(815301076,1909f56bfc062723c751e8b465ee728b)  -> (artifact id: '9b383f3476165110320dbb8449ea76d4') in 0.024566 seconds 
  Import took 0.027645 seconds .

========================================================================
Received Import Request.
  Time since last request: 0.000247 seconds.
  path: Assets/topdown-shooter/PNG/Tiles/tile_34.png
  artifactKey: Guid(15fba9e6ebde50844bfa2afbb1bc8df6) Importer(815301076,1909f56bfc062723c751e8b465ee728b)
Start importing Assets/topdown-shooter/PNG/Tiles/tile_34.png using Guid(15fba9e6ebde50844bfa2afbb1bc8df6) Importer(815301076,1909f56bfc062723c751e8b465ee728b)  -> (artifact id: '53d58f2c684189f909462ba3736f9b40') in 0.017420 seconds 
  Import took 0.020979 seconds .

========================================================================
Received Import Request.
  Time since last request: 0.000236 seconds.
  path: Assets/topdown-shooter/PNG/Tiles/tile_05.png
  artifactKey: Guid(434e72892795f004ebb267550f01ee00) Importer(815301076,1909f56bfc062723c751e8b465ee728b)
Start importing Assets/topdown-shooter/PNG/Tiles/tile_05.png using Guid(434e72892795f004ebb267550f01ee00) Importer(815301076,1909f56bfc062723c751e8b465ee728b)  -> (artifact id: '9bd281cbeac6bcc148f048b0b9e64ac1') in 0.021970 seconds 
  Import took 0.024784 seconds .

========================================================================
Received Import Request.
  Time since last request: 0.000200 seconds.
  path: Assets/topdown-shooter/PNG/Tiles/tile_29.png
  artifactKey: Guid(ffc548e98c94374478cf957f3e47ef90) Importer(815301076,1909f56bfc062723c751e8b465ee728b)
Start importing Assets/topdown-shooter/PNG/Tiles/tile_29.png using Guid(ffc548e98c94374478cf957f3e47ef90) Importer(815301076,1909f56bfc062723c751e8b465ee728b)  -> (artifact id: '9b7e08260a0754ffbd61a0985b5dac31') in 0.017024 seconds 
  Import took 0.019888 seconds .

========================================================================
Received Import Request.
  Time since last request: 0.000213 seconds.
  path: Assets/topdown-shooter/PNG/Tiles/tile_36.png
  artifactKey: Guid(604e8cb2a090879439af6a9a07535083) Importer(815301076,1909f56bfc062723c751e8b465ee728b)
Start importing Assets/topdown-shooter/PNG/Tiles/tile_36.png using Guid(604e8cb2a090879439af6a9a07535083) Importer(815301076,1909f56bfc062723c751e8b465ee728b)  -> (artifact id: '3ea1ac4e855a476d9b17c2be7b1f1b5c') in 0.017008 seconds 
  Import took 0.020532 seconds .

========================================================================
Received Import Request.
  Time since last request: 0.000223 seconds.
  path: Assets/topdown-shooter/PNG/Robot 1/robot1_gun.png
  artifactKey: Guid(47ca589cdbdf8c940a526727a2fdc12b) Importer(815301076,1909f56bfc062723c751e8b465ee728b)
Start importing Assets/topdown-shooter/PNG/Robot 1/robot1_gun.png using Guid(47ca589cdbdf8c940a526727a2fdc12b) Importer(815301076,1909f56bfc062723c751e8b465ee728b)  -> (artifact id: '00eda6ececd0ca16f1cd3bda844a6061') in 0.022057 seconds 
  Import took 0.024980 seconds .

========================================================================
Received Import Request.
  Time since last request: 0.000208 seconds.
  path: Assets/topdown-shooter/PNG/Tiles/tile_12.png
  artifactKey: Guid(330a0028659eecf49bc999c502fbc0f3) Importer(815301076,1909f56bfc062723c751e8b465ee728b)
Start importing Assets/topdown-shooter/PNG/Tiles/tile_12.png using Guid(330a0028659eecf49bc999c502fbc0f3) Importer(815301076,1909f56bfc062723c751e8b465ee728b)  -> (artifact id: 'f00a03b691ed6bc9e22011b0b1bec19a') in 0.018792 seconds 
  Import took 0.022059 seconds .

========================================================================
Received Import Request.
  Time since last request: 0.000256 seconds.
  path: Assets/topdown-shooter/PNG/Tiles/tile_43.png
  artifactKey: Guid(391622768b84801418dbccc8d82bee4f) Importer(815301076,1909f56bfc062723c751e8b465ee728b)
Start importing Assets/topdown-shooter/PNG/Tiles/tile_43.png using Guid(391622768b84801418dbccc8d82bee4f) Importer(815301076,1909f56bfc062723c751e8b465ee728b)  -> (artifact id: '7fcc4515953c018d40ce47bb97a4e2b2') in 0.016559 seconds 
  Import took 0.019681 seconds .

========================================================================
Received Import Request.
  Time since last request: 0.000182 seconds.
  path: Assets/topdown-shooter/PNG/Tiles/tile_39.png
  artifactKey: Guid(a418ab225d73d2e4a912bb24ed4768fb) Importer(815301076,1909f56bfc062723c751e8b465ee728b)
Start importing Assets/topdown-shooter/PNG/Tiles/tile_39.png using Guid(a418ab225d73d2e4a912bb24ed4768fb) Importer(815301076,1909f56bfc062723c751e8b465ee728b)  -> (artifact id: '870817c1ee99dfecbb113e988c124c36') in 0.021393 seconds 
  Import took 0.024191 seconds .

========================================================================
Received Import Request.
  Time since last request: 0.000164 seconds.
  path: Assets/topdown-shooter/PNG/Tiles/tile_35.png
  artifactKey: Guid(f8c8c157b74bde3459b639bc8dafc3ab) Importer(815301076,1909f56bfc062723c751e8b465ee728b)
Start importing Assets/topdown-shooter/PNG/Tiles/tile_35.png using Guid(f8c8c157b74bde3459b639bc8dafc3ab) Importer(815301076,1909f56bfc062723c751e8b465ee728b)  -> (artifact id: '809d07eb452b07a2b084839920c81d65') in 0.018018 seconds 
  Import took 0.020823 seconds .

========================================================================
Received Import Request.
  Time since last request: 0.000158 seconds.
  path: Assets/topdown-shooter/PNG/Tiles/tile_46.png
  artifactKey: Guid(60614b767995fc74b8cd4cda6224ad1f) Importer(815301076,1909f56bfc062723c751e8b465ee728b)
Start importing Assets/topdown-shooter/PNG/Tiles/tile_46.png using Guid(60614b767995fc74b8cd4cda6224ad1f) Importer(815301076,1909f56bfc062723c751e8b465ee728b)  -> (artifact id: 'e0c62164e371f948033202dece0d5dbf') in 0.015607 seconds 
  Import took 0.018480 seconds .

========================================================================
Received Import Request.
  Time since last request: 0.000164 seconds.
  path: Assets/topdown-shooter/PNG/Tiles/tile_40.png
  artifactKey: Guid(4da4c6331ad0a0e4588a6d789b9bb0ce) Importer(815301076,1909f56bfc062723c751e8b465ee728b)
Start importing Assets/topdown-shooter/PNG/Tiles/tile_40.png using Guid(4da4c6331ad0a0e4588a6d789b9bb0ce) Importer(815301076,1909f56bfc062723c751e8b465ee728b)  -> (artifact id: 'e366b36ac577faf7d5b2a7c40cbcfb46') in 0.017683 seconds 
  Import took 0.020451 seconds .

========================================================================
Received Import Request.
  Time since last request: 0.000168 seconds.
  path: Assets/topdown-shooter/PNG/Tiles/tile_14.png
  artifactKey: Guid(b61df7bc3b32e06449eb3131c5a1b797) Importer(815301076,1909f56bfc062723c751e8b465ee728b)
Start importing Assets/topdown-shooter/PNG/Tiles/tile_14.png using Guid(b61df7bc3b32e06449eb3131c5a1b797) Importer(815301076,1909f56bfc062723c751e8b465ee728b)  -> (artifact id: 'c3d72fb9c9c58f2685f73adf6843220b') in 0.020679 seconds 
  Import took 0.023498 seconds .

========================================================================
Received Import Request.
  Time since last request: 0.000164 seconds.
  path: Assets/topdown-shooter/PNG/Robot 1/robot1_machine.png
  artifactKey: Guid(521cf3cf421ba964daabb2bab1c41541) Importer(815301076,1909f56bfc062723c751e8b465ee728b)
Start importing Assets/topdown-shooter/PNG/Robot 1/robot1_machine.png using Guid(521cf3cf421ba964daabb2bab1c41541) Importer(815301076,1909f56bfc062723c751e8b465ee728b)  -> (artifact id: 'ae065275af40e42967851dfd2e655e51') in 0.017421 seconds 
  Import took 0.020430 seconds .

========================================================================
Received Import Request.
  Time since last request: 0.000158 seconds.
  path: Assets/topdown-shooter/PNG/Hitman 1/hitman1_machine.png
  artifactKey: Guid(8e4540d56cd3a46488d9e322619c6be4) Importer(815301076,1909f56bfc062723c751e8b465ee728b)
Start importing Assets/topdown-shooter/PNG/Hitman 1/hitman1_machine.png using Guid(8e4540d56cd3a46488d9e322619c6be4) Importer(815301076,1909f56bfc062723c751e8b465ee728b)  -> (artifact id: 'ed12f0db1d34c404d241cdd3c79ce01a') in 0.016598 seconds 
  Import took 0.019398 seconds .

========================================================================
Received Import Request.
  Time since last request: 0.000167 seconds.
  path: Assets/topdown-shooter/PNG/Tiles/tile_48.png
  artifactKey: Guid(8850e85e0acac3b4cb91ca15354d3760) Importer(815301076,1909f56bfc062723c751e8b465ee728b)
Start importing Assets/topdown-shooter/PNG/Tiles/tile_48.png using Guid(8850e85e0acac3b4cb91ca15354d3760) Importer(815301076,1909f56bfc062723c751e8b465ee728b)  -> (artifact id: 'f498d80332d408c1ecd97a6304709c8a') in 0.017778 seconds 
  Import took 0.020594 seconds .

========================================================================
Received Import Request.
  Time since last request: 0.000201 seconds.
  path: Assets/topdown-shooter/PNG/Tiles/tile_20.png
  artifactKey: Guid(95070fc15504a9141b38b8b59297aa9f) Importer(815301076,1909f56bfc062723c751e8b465ee728b)
Start importing Assets/topdown-shooter/PNG/Tiles/tile_20.png using Guid(95070fc15504a9141b38b8b59297aa9f) Importer(815301076,1909f56bfc062723c751e8b465ee728b)  -> (artifact id: '693ffbff74c5f291a699d31d2c68bb19') in 0.021092 seconds 
  Import took 0.023867 seconds .

========================================================================
Received Import Request.
  Time since last request: 0.000155 seconds.
  path: Assets/topdown-shooter/PNG/Robot 1/robot1_hold.png
  artifactKey: Guid(f9356140dd0ee444e96bbc96d33e7b7e) Importer(815301076,1909f56bfc062723c751e8b465ee728b)
Start importing Assets/topdown-shooter/PNG/Robot 1/robot1_hold.png using Guid(f9356140dd0ee444e96bbc96d33e7b7e) Importer(815301076,1909f56bfc062723c751e8b465ee728b)  -> (artifact id: '360016ad58685f20564be7503f8b888a') in 0.017175 seconds 
  Import took 0.020077 seconds .

========================================================================
Received Import Request.
  Time since last request: 0.000197 seconds.
  path: Assets/topdown-shooter/PNG/Tiles/tile_21.png
  artifactKey: Guid(0ee1ab722328ab04e96067bd3dd89595) Importer(815301076,1909f56bfc062723c751e8b465ee728b)
Start importing Assets/topdown-shooter/PNG/Tiles/tile_21.png using Guid(0ee1ab722328ab04e96067bd3dd89595) Importer(815301076,1909f56bfc062723c751e8b465ee728b)  -> (artifact id: 'aecc8e5f9ae8c158f62f11ed9a78d4a1') in 0.021999 seconds 
  Import took 0.024974 seconds .

========================================================================
Received Import Request.
  Time since last request: 0.000196 seconds.
  path: Assets/topdown-shooter/PNG/Survivor 1/survivor1_reload.png
  artifactKey: Guid(a8c22b617b1e6244e8c49583ba5fb2b8) Importer(815301076,1909f56bfc062723c751e8b465ee728b)
Start importing Assets/topdown-shooter/PNG/Survivor 1/survivor1_reload.png using Guid(a8c22b617b1e6244e8c49583ba5fb2b8) Importer(815301076,1909f56bfc062723c751e8b465ee728b)  -> (artifact id: 'c1e9d3d3e74a83468106559fc6002321') in 0.020918 seconds 
  Import took 0.024030 seconds .

========================================================================
Received Import Request.
  Time since last request: 0.000174 seconds.
  path: Assets/topdown-shooter/PNG/Tiles/tile_03.png
  artifactKey: Guid(522c4af63ee0b7948b07f2dff7e15aef) Importer(815301076,1909f56bfc062723c751e8b465ee728b)
Start importing Assets/topdown-shooter/PNG/Tiles/tile_03.png using Guid(522c4af63ee0b7948b07f2dff7e15aef) Importer(815301076,1909f56bfc062723c751e8b465ee728b)  -> (artifact id: 'b9946cfee614927db47a3e6f8389c3c4') in 0.018256 seconds 
  Import took 0.021138 seconds .

========================================================================
Received Import Request.
  Time since last request: 0.000186 seconds.
  path: Assets/topdown-shooter/PNG/Tiles/tile_10.png
  artifactKey: Guid(e460bb100365e3741900155545f3578c) Importer(815301076,1909f56bfc062723c751e8b465ee728b)
Start importing Assets/topdown-shooter/PNG/Tiles/tile_10.png using Guid(e460bb100365e3741900155545f3578c) Importer(815301076,1909f56bfc062723c751e8b465ee728b)  -> (artifact id: '5aedc680672f8f56a8e45e846fb70500') in 0.018279 seconds 
  Import took 0.021361 seconds .

========================================================================
Received Import Request.
  Time since last request: 0.000155 seconds.
  path: Assets/topdown-shooter/PNG/Tiles/tile_25.png
  artifactKey: Guid(b5efda661ac5b8d4396b0fa8931a5e18) Importer(815301076,1909f56bfc062723c751e8b465ee728b)
Start importing Assets/topdown-shooter/PNG/Tiles/tile_25.png using Guid(b5efda661ac5b8d4396b0fa8931a5e18) Importer(815301076,1909f56bfc062723c751e8b465ee728b)  -> (artifact id: '180eea8c8a35745157e8e197ff24bfbb') in 0.016830 seconds 
  Import took 0.019584 seconds .

========================================================================
Received Import Request.
  Time since last request: 0.000162 seconds.
  path: Assets/topdown-shooter/PNG/Tiles/tile_45.png
  artifactKey: Guid(8f2798a69911f584a8c0cd5e685370c1) Importer(815301076,1909f56bfc062723c751e8b465ee728b)
Start importing Assets/topdown-shooter/PNG/Tiles/tile_45.png using Guid(8f2798a69911f584a8c0cd5e685370c1) Importer(815301076,1909f56bfc062723c751e8b465ee728b)  -> (artifact id: '757f85701b9457bd8c53f7ebc7db8bae') in 0.018815 seconds 
  Import took 0.021635 seconds .

========================================================================
Received Import Request.
  Time since last request: 0.000196 seconds.
  path: Assets/topdown-shooter/PNG/Tiles/tile_17.png
  artifactKey: Guid(042df6e6c7c5370449e535185e941903) Importer(815301076,1909f56bfc062723c751e8b465ee728b)
Start importing Assets/topdown-shooter/PNG/Tiles/tile_17.png using Guid(042df6e6c7c5370449e535185e941903) Importer(815301076,1909f56bfc062723c751e8b465ee728b)  -> (artifact id: '877d0b3de225e893c2ddad0cc9441a1f') in 0.017196 seconds 
  Import took 0.020016 seconds .

========================================================================
Received Import Request.
  Time since last request: 0.000158 seconds.
  path: Assets/topdown-shooter/PNG/Tiles/tile_22.png
  artifactKey: Guid(4b673fcb2c4469d45a30cecabc34f7e0) Importer(815301076,1909f56bfc062723c751e8b465ee728b)
Start importing Assets/topdown-shooter/PNG/Tiles/tile_22.png using Guid(4b673fcb2c4469d45a30cecabc34f7e0) Importer(815301076,1909f56bfc062723c751e8b465ee728b)  -> (artifact id: 'ce9d1bf0fb9c03f767d63cf84c299f21') in 0.019790 seconds 
  Import took 0.022593 seconds .

========================================================================
Received Import Request.
  Time since last request: 0.000185 seconds.
  path: Assets/topdown-shooter/PNG/Tiles/tile_06.png
  artifactKey: Guid(baea81844a19e444099bd97bd084fbd7) Importer(815301076,1909f56bfc062723c751e8b465ee728b)
Start importing Assets/topdown-shooter/PNG/Tiles/tile_06.png using Guid(baea81844a19e444099bd97bd084fbd7) Importer(815301076,1909f56bfc062723c751e8b465ee728b)  -> (artifact id: 'a4d60e4a3a91309b6e338c0d7a0ed476') in 0.016870 seconds 
  Import took 0.019731 seconds .

========================================================================
Received Import Request.
  Time since last request: 0.000210 seconds.
  path: Assets/topdown-shooter/PNG/Hitman 1/hitman1_gun.png
  artifactKey: Guid(60c971244f0bed548ba07fa0f9e80460) Importer(815301076,1909f56bfc062723c751e8b465ee728b)
Start importing Assets/topdown-shooter/PNG/Hitman 1/hitman1_gun.png using Guid(60c971244f0bed548ba07fa0f9e80460) Importer(815301076,1909f56bfc062723c751e8b465ee728b)  -> (artifact id: 'a8583783e912402590b33f74eabfebec') in 0.015333 seconds 
  Import took 0.018202 seconds .

========================================================================
Received Import Request.
  Time since last request: 0.000192 seconds.
  path: Assets/topdown-shooter/PNG/Tiles/tile_31.png
  artifactKey: Guid(724d5876e581a894fbeb1eda42629265) Importer(815301076,1909f56bfc062723c751e8b465ee728b)
Start importing Assets/topdown-shooter/PNG/Tiles/tile_31.png using Guid(724d5876e581a894fbeb1eda42629265) Importer(815301076,1909f56bfc062723c751e8b465ee728b)  -> (artifact id: '6158509d3ba6fb9f7cab730f1ae03fe6') in 0.016204 seconds 
  Import took 0.019081 seconds .

========================================================================
Received Import Request.
  Time since last request: 0.000163 seconds.
  path: Assets/topdown-shooter/PNG/Tiles/tile_30.png
  artifactKey: Guid(98b27f2fda3426742b806ab59592c6a2) Importer(815301076,1909f56bfc062723c751e8b465ee728b)
Start importing Assets/topdown-shooter/PNG/Tiles/tile_30.png using Guid(98b27f2fda3426742b806ab59592c6a2) Importer(815301076,1909f56bfc062723c751e8b465ee728b)  -> (artifact id: 'd3b01e3054de6ba23ff1e44c0370f632') in 0.016198 seconds 
  Import took 0.019043 seconds .

========================================================================
Received Import Request.
  Time since last request: 0.000167 seconds.
  path: Assets/topdown-shooter/PNG/Tiles/tile_32.png
  artifactKey: Guid(56de056905ffbec46b552b8d0d7c7df2) Importer(815301076,1909f56bfc062723c751e8b465ee728b)
Start importing Assets/topdown-shooter/PNG/Tiles/tile_32.png using Guid(56de056905ffbec46b552b8d0d7c7df2) Importer(815301076,1909f56bfc062723c751e8b465ee728b)  -> (artifact id: 'd0532db07ae54ae10f5b0ca72a0e0558') in 0.014729 seconds 
  Import took 0.017523 seconds .

========================================================================
Received Import Request.
  Time since last request: 0.000196 seconds.
  path: Assets/topdown-shooter/PNG/Tiles/tile_04.png
  artifactKey: Guid(067742b8189ba1a4ca22f3b63c350c11) Importer(815301076,1909f56bfc062723c751e8b465ee728b)
Start importing Assets/topdown-shooter/PNG/Tiles/tile_04.png using Guid(067742b8189ba1a4ca22f3b63c350c11) Importer(815301076,1909f56bfc062723c751e8b465ee728b)  -> (artifact id: '73e453b3eba322001571a0fb0a220959') in 0.015326 seconds 
  Import took 0.018258 seconds .

========================================================================
Received Import Request.
  Time since last request: 0.000171 seconds.
  path: Assets/topdown-shooter/PNG/Tiles/tile_11.png
  artifactKey: Guid(8879da34a349190499fa43487cf7702a) Importer(815301076,1909f56bfc062723c751e8b465ee728b)
Start importing Assets/topdown-shooter/PNG/Tiles/tile_11.png using Guid(8879da34a349190499fa43487cf7702a) Importer(815301076,1909f56bfc062723c751e8b465ee728b)  -> (artifact id: '70fb4db8a3a66bb76a84af46df744995') in 0.014915 seconds 
  Import took 0.017886 seconds .

========================================================================
Received Import Request.
  Time since last request: 0.000159 seconds.
  path: Assets/topdown-shooter/PNG/Hitman 1/hitman1_hold.png
  artifactKey: Guid(0ed76d29b1ab6694f8f51a69e5f6e40a) Importer(815301076,1909f56bfc062723c751e8b465ee728b)
Start importing Assets/topdown-shooter/PNG/Hitman 1/hitman1_hold.png using Guid(0ed76d29b1ab6694f8f51a69e5f6e40a) Importer(815301076,1909f56bfc062723c751e8b465ee728b)  -> (artifact id: '2a9e8a0580f36f7e9e63a820edf674a8') in 0.017068 seconds 
  Import took 0.020318 seconds .

========================================================================
Received Import Request.
  Time since last request: 0.000151 seconds.
  path: Assets/topdown-shooter/PNG/Tiles/tile_33.png
  artifactKey: Guid(dbab591c66bc7484c9b1ed5f6456561d) Importer(815301076,1909f56bfc062723c751e8b465ee728b)
Start importing Assets/topdown-shooter/PNG/Tiles/tile_33.png using Guid(dbab591c66bc7484c9b1ed5f6456561d) Importer(815301076,1909f56bfc062723c751e8b465ee728b)  -> (artifact id: 'abdae99d3e495394c0dacf8512cf559d') in 0.016353 seconds 
  Import took 0.019351 seconds .

========================================================================
Received Import Request.
  Time since last request: 0.000186 seconds.
  path: Assets/topdown-shooter/PNG/Tiles/tile_18.png
  artifactKey: Guid(a14782ff7b04af84ab6f15739a4dc558) Importer(815301076,1909f56bfc062723c751e8b465ee728b)
Start importing Assets/topdown-shooter/PNG/Tiles/tile_18.png using Guid(a14782ff7b04af84ab6f15739a4dc558) Importer(815301076,1909f56bfc062723c751e8b465ee728b)  -> (artifact id: '96067725791c2c94aec48df452b7d37f') in 0.016361 seconds 
  Import took 0.019340 seconds .

========================================================================
Received Import Request.
  Time since last request: 0.000164 seconds.
  path: Assets/topdown-shooter/PNG/Tiles/tile_41.png
  artifactKey: Guid(d3ca2797d49497648bf2ddb90b8090b7) Importer(815301076,1909f56bfc062723c751e8b465ee728b)
Start importing Assets/topdown-shooter/PNG/Tiles/tile_41.png using Guid(d3ca2797d49497648bf2ddb90b8090b7) Importer(815301076,1909f56bfc062723c751e8b465ee728b)  -> (artifact id: '9746ba36982cb05a9113390a63fd2074') in 0.016337 seconds 
  Import took 0.019291 seconds .

========================================================================
Received Import Request.
  Time since last request: 0.000211 seconds.
  path: Assets/topdown-shooter/PNG/Man Old/manOld_gun.png
  artifactKey: Guid(5c10faf622605ac45bab3bd3f940d08b) Importer(815301076,1909f56bfc062723c751e8b465ee728b)
Start importing Assets/topdown-shooter/PNG/Man Old/manOld_gun.png using Guid(5c10faf622605ac45bab3bd3f940d08b) Importer(815301076,1909f56bfc062723c751e8b465ee728b)  -> (artifact id: 'a195764970d79657ed74bf53bbfb7e15') in 0.016341 seconds 
  Import took 0.019588 seconds .

========================================================================
Received Import Request.
  Time since last request: 0.000195 seconds.
  path: Assets/topdown-shooter/PNG/Tiles/tile_15.png
  artifactKey: Guid(85aadd31199cc3548a686ad50e794e3a) Importer(815301076,1909f56bfc062723c751e8b465ee728b)
Start importing Assets/topdown-shooter/PNG/Tiles/tile_15.png using Guid(85aadd31199cc3548a686ad50e794e3a) Importer(815301076,1909f56bfc062723c751e8b465ee728b)  -> (artifact id: 'e938e5b83c0412583befc719eb936c8a') in 0.015355 seconds 
  Import took 0.018346 seconds .

========================================================================
Received Import Request.
  Time since last request: 0.000205 seconds.
  path: Assets/topdown-shooter/PNG/Survivor 1/survivor1_machine.png
  artifactKey: Guid(d56f0e513e3c8724e802c1e46903a2ec) Importer(815301076,1909f56bfc062723c751e8b465ee728b)
Start importing Assets/topdown-shooter/PNG/Survivor 1/survivor1_machine.png using Guid(d56f0e513e3c8724e802c1e46903a2ec) Importer(815301076,1909f56bfc062723c751e8b465ee728b)  -> (artifact id: 'b4376bc8a73144b34f811bdf805be26b') in 0.017770 seconds 
  Import took 0.021162 seconds .

========================================================================
Received Import Request.
  Time since last request: 0.000217 seconds.
  path: Assets/topdown-shooter/PNG/Tiles/tile_38.png
  artifactKey: Guid(b26130c30338b8446a5bb5a355e5fc0e) Importer(815301076,1909f56bfc062723c751e8b465ee728b)
Start importing Assets/topdown-shooter/PNG/Tiles/tile_38.png using Guid(b26130c30338b8446a5bb5a355e5fc0e) Importer(815301076,1909f56bfc062723c751e8b465ee728b)  -> (artifact id: '880968e3df9b6c070fb62bb0a8200e70') in 0.016090 seconds 
  Import took 0.019080 seconds .

========================================================================
Received Import Request.
  Time since last request: 0.000239 seconds.
  path: Assets/topdown-shooter/PNG/Survivor 1/survivor1_silencer.png
  artifactKey: Guid(d24cd1beeae33544d9615d0c4c5ab4da) Importer(815301076,1909f56bfc062723c751e8b465ee728b)
Start importing Assets/topdown-shooter/PNG/Survivor 1/survivor1_silencer.png using Guid(d24cd1beeae33544d9615d0c4c5ab4da) Importer(815301076,1909f56bfc062723c751e8b465ee728b)  -> (artifact id: 'c771f30931cc40cf395f543ff04ab6f6') in 0.016502 seconds 
  Import took 0.019946 seconds .

========================================================================
Received Import Request.
  Time since last request: 0.000207 seconds.
  path: Assets/topdown-shooter/PNG/Tiles/tile_09.png
  artifactKey: Guid(0761c63f96a1340478976e302a8bcd62) Importer(815301076,1909f56bfc062723c751e8b465ee728b)
Start importing Assets/topdown-shooter/PNG/Tiles/tile_09.png using Guid(0761c63f96a1340478976e302a8bcd62) Importer(815301076,1909f56bfc062723c751e8b465ee728b)  -> (artifact id: 'd30d3db1f7d089493c334eb92a32a41f') in 0.015974 seconds 
  Import took 0.019375 seconds .

========================================================================
Received Import Request.
  Time since last request: 0.000203 seconds.
  path: Assets/topdown-shooter/PNG/Tiles/tile_26.png
  artifactKey: Guid(4c08483f919f530499c6af86163d868d) Importer(815301076,1909f56bfc062723c751e8b465ee728b)
Start importing Assets/topdown-shooter/PNG/Tiles/tile_26.png using Guid(4c08483f919f530499c6af86163d868d) Importer(815301076,1909f56bfc062723c751e8b465ee728b)  -> (artifact id: 'ca211390396eccc1fc04094666316750') in 0.016057 seconds 
  Import took 0.019491 seconds .

========================================================================
Received Import Request.
  Time since last request: 0.000255 seconds.
  path: Assets/topdown-shooter/PNG/Tiles/tile_24.png
  artifactKey: Guid(3741686f6da01f148a08a6ef377ff98e) Importer(815301076,1909f56bfc062723c751e8b465ee728b)
Start importing Assets/topdown-shooter/PNG/Tiles/tile_24.png using Guid(3741686f6da01f148a08a6ef377ff98e) Importer(815301076,1909f56bfc062723c751e8b465ee728b)  -> (artifact id: 'ad6a62259ba0ed3e90942e65ca9d1971') in 0.015976 seconds 
  Import took 0.018989 seconds .

========================================================================
Received Import Request.
  Time since last request: 0.000193 seconds.
  path: Assets/topdown-shooter/PNG/Tiles/tile_28.png
  artifactKey: Guid(f0c8d8d7a5f562f429854e499edd5196) Importer(815301076,1909f56bfc062723c751e8b465ee728b)
Start importing Assets/topdown-shooter/PNG/Tiles/tile_28.png using Guid(f0c8d8d7a5f562f429854e499edd5196) Importer(815301076,1909f56bfc062723c751e8b465ee728b)  -> (artifact id: '95463d298c32b41f967e8f9e7d8c510f') in 0.016165 seconds 
  Import took 0.019413 seconds .

========================================================================
Received Import Request.
  Time since last request: 0.000176 seconds.
  path: Assets/topdown-shooter/Preview.png
  artifactKey: Guid(edfb539cc1e0be74bac77df91504d7ee) Importer(815301076,1909f56bfc062723c751e8b465ee728b)
Start importing Assets/topdown-shooter/Preview.png using Guid(edfb539cc1e0be74bac77df91504d7ee) Importer(815301076,1909f56bfc062723c751e8b465ee728b)  -> (artifact id: '162fa20707290aa7725025523744b25f') in 0.027123 seconds 
  Import took 0.030032 seconds .

========================================================================
Received Import Request.
  Time since last request: 0.000289 seconds.
  path: Assets/topdown-shooter/PNG/Tiles/tile_13.png
  artifactKey: Guid(3f80dc1175b79504aae41eabe2ed4922) Importer(815301076,1909f56bfc062723c751e8b465ee728b)
Start importing Assets/topdown-shooter/PNG/Tiles/tile_13.png using Guid(3f80dc1175b79504aae41eabe2ed4922) Importer(815301076,1909f56bfc062723c751e8b465ee728b)  -> (artifact id: '151beb2556060fff4d9041b366c0afaa') in 0.016093 seconds 
  Import took 0.019116 seconds .

========================================================================
Received Import Request.
  Time since last request: 0.000214 seconds.
  path: Assets/topdown-shooter/PNG/Tiles/tile_08.png
  artifactKey: Guid(076071c8e1f48d0459ac45664595bf73) Importer(815301076,1909f56bfc062723c751e8b465ee728b)
Start importing Assets/topdown-shooter/PNG/Tiles/tile_08.png using Guid(076071c8e1f48d0459ac45664595bf73) Importer(815301076,1909f56bfc062723c751e8b465ee728b)  -> (artifact id: '929cb9f335b1fc6430756a2a1a698c1e') in 0.016626 seconds 
  Import took 0.019699 seconds .

========================================================================
Received Import Request.
  Time since last request: 0.000178 seconds.
  path: Assets/topdown-shooter/PNG/Tiles/tile_23.png
  artifactKey: Guid(8c7c722aa9f6c5f4dbbc08514b1de027) Importer(815301076,1909f56bfc062723c751e8b465ee728b)
Start importing Assets/topdown-shooter/PNG/Tiles/tile_23.png using Guid(8c7c722aa9f6c5f4dbbc08514b1de027) Importer(815301076,1909f56bfc062723c751e8b465ee728b)  -> (artifact id: '3df448e80504aeeaa9dce175d3904054') in 0.015983 seconds 
  Import took 0.018882 seconds .

========================================================================
Received Import Request.
  Time since last request: 0.000180 seconds.
  path: Assets/topdown-shooter/PNG/Tiles/tile_37.png
  artifactKey: Guid(33c46e999cfbc034cb311a43efc2e7c0) Importer(815301076,1909f56bfc062723c751e8b465ee728b)
Start importing Assets/topdown-shooter/PNG/Tiles/tile_37.png using Guid(33c46e999cfbc034cb311a43efc2e7c0) Importer(815301076,1909f56bfc062723c751e8b465ee728b)  -> (artifact id: '566d51ba5b11e1e4e4b38f7dc3e0f4a1') in 0.014563 seconds 
  Import took 0.017561 seconds .

========================================================================
Received Import Request.
  Time since last request: 0.000155 seconds.
  path: Assets/topdown-shooter/PNG/Tiles/tile_44.png
  artifactKey: Guid(e206e92380308df4194a0f15cefd2729) Importer(815301076,1909f56bfc062723c751e8b465ee728b)
Start importing Assets/topdown-shooter/PNG/Tiles/tile_44.png using Guid(e206e92380308df4194a0f15cefd2729) Importer(815301076,1909f56bfc062723c751e8b465ee728b)  -> (artifact id: '858d636a385a1e643df5cbe01ea0927a') in 0.015961 seconds 
  Import took 0.018850 seconds .

========================================================================
Received Import Request.
  Time since last request: 0.000187 seconds.
  path: Assets/topdown-shooter/PNG/Tiles/tile_19.png
  artifactKey: Guid(2a2afc4c2fc030a428f9a3ef273a8e2d) Importer(815301076,1909f56bfc062723c751e8b465ee728b)
Start importing Assets/topdown-shooter/PNG/Tiles/tile_19.png using Guid(2a2afc4c2fc030a428f9a3ef273a8e2d) Importer(815301076,1909f56bfc062723c751e8b465ee728b)  -> (artifact id: '695e2f09c01c7d35d6e7d772fff492bc') in 0.015414 seconds 
  Import took 0.018764 seconds .

========================================================================
Received Import Request.
  Time since last request: 0.000193 seconds.
  path: Assets/topdown-shooter/PNG/Tiles/tile_02.png
  artifactKey: Guid(ed95c4164dd9db94fb93b00df3c44d52) Importer(815301076,1909f56bfc062723c751e8b465ee728b)
Start importing Assets/topdown-shooter/PNG/Tiles/tile_02.png using Guid(ed95c4164dd9db94fb93b00df3c44d52) Importer(815301076,1909f56bfc062723c751e8b465ee728b)  -> (artifact id: 'dbd6896a6760e8cf5e4feb2b54636ae1') in 0.015464 seconds 
  Import took 0.018329 seconds .

========================================================================
Received Import Request.
  Time since last request: 0.000173 seconds.
  path: Assets/topdown-shooter/PNG/Tiles/tile_16.png
  artifactKey: Guid(557a382ae854bdd4c81f72c6d013d7f3) Importer(815301076,1909f56bfc062723c751e8b465ee728b)
Start importing Assets/topdown-shooter/PNG/Tiles/tile_16.png using Guid(557a382ae854bdd4c81f72c6d013d7f3) Importer(815301076,1909f56bfc062723c751e8b465ee728b)  -> (artifact id: 'ce89dfe4ae24dcfde481db5cc9a9afd7') in 0.014999 seconds 
  Import took 0.017969 seconds .

========================================================================
Received Import Request.
  Time since last request: 0.000211 seconds.
  path: Assets/topdown-shooter/PNG/Tiles/tile_07.png
  artifactKey: Guid(0515c2e00bcbab64eb491ff0c4816370) Importer(815301076,1909f56bfc062723c751e8b465ee728b)
Start importing Assets/topdown-shooter/PNG/Tiles/tile_07.png using Guid(0515c2e00bcbab64eb491ff0c4816370) Importer(815301076,1909f56bfc062723c751e8b465ee728b)  -> (artifact id: '85c3f1323ce289bc0463d05c2ecdfea9') in 0.014935 seconds 
  Import took 0.017827 seconds .

========================================================================
Received Import Request.
  Time since last request: 56.900535 seconds.
  path: Assets/topdown-shooter/PNG/Man Old/manOld_silencer.png
  artifactKey: Guid(92bbdfd27fa76604bb58c28d24582fef) Importer(815301076,1909f56bfc062723c751e8b465ee728b)
Start importing Assets/topdown-shooter/PNG/Man Old/manOld_silencer.png using Guid(92bbdfd27fa76604bb58c28d24582fef) Importer(815301076,1909f56bfc062723c751e8b465ee728b)  -> (artifact id: '7c93bbf3ae9b5148b64b1a1cc840cd15') in 0.018103 seconds 
  Import took 0.022323 seconds .

========================================================================
Received Import Request.
  Time since last request: 4.421107 seconds.
  path: Assets/topdown-shooter/PNG/Man Old/manOld_hold.png
  artifactKey: Guid(aaff8cf5b8977b943a6ebb2ed528ba16) Importer(815301076,1909f56bfc062723c751e8b465ee728b)
Start importing Assets/topdown-shooter/PNG/Man Old/manOld_hold.png using Guid(aaff8cf5b8977b943a6ebb2ed528ba16) Importer(815301076,1909f56bfc062723c751e8b465ee728b)  -> (artifact id: '46134542fb653df46148a80a8d81cb5c') in 0.017329 seconds 
  Import took 0.020806 seconds .

========================================================================
Received Import Request.
  Time since last request: 0.000222 seconds.
  path: Assets/topdown-shooter/PNG/Man Old/manOld_machine.png
  artifactKey: Guid(e03651fbc36a21443b987f2097729f26) Importer(815301076,1909f56bfc062723c751e8b465ee728b)
Start importing Assets/topdown-shooter/PNG/Man Old/manOld_machine.png using Guid(e03651fbc36a21443b987f2097729f26) Importer(815301076,1909f56bfc062723c751e8b465ee728b)  -> (artifact id: 'ced7762e6765ad12356966f287fbb7d4') in 0.019115 seconds 
  Import took 0.022310 seconds .

========================================================================
Received Import Request.
  Time since last request: 0.001111 seconds.
  path: Assets/topdown-shooter/PNG/Man Old/manOld_reload.png
  artifactKey: Guid(2b7afed71a07dfa4fbd135d6f02633a0) Importer(815301076,1909f56bfc062723c751e8b465ee728b)
Start importing Assets/topdown-shooter/PNG/Man Old/manOld_reload.png using Guid(2b7afed71a07dfa4fbd135d6f02633a0) Importer(815301076,1909f56bfc062723c751e8b465ee728b)  -> (artifact id: '0f41cdaee385ff2c1ed247abda1f9b89') in 0.020216 seconds 
  Import took 0.024010 seconds .

========================================================================
Received Import Request.
  Time since last request: 1819.368297 seconds.
  path: Assets/topdown-shooter/PNG/Tiles/tile_480.png
  artifactKey: Guid(c3a4e25ea88d92d4e8961c3fc486e6a6) Importer(815301076,1909f56bfc062723c751e8b465ee728b)
Start importing Assets/topdown-shooter/PNG/Tiles/tile_480.png using Guid(c3a4e25ea88d92d4e8961c3fc486e6a6) Importer(815301076,1909f56bfc062723c751e8b465ee728b)  -> (artifact id: '402d22546d0edf986c0762ae58a57c62') in 0.019117 seconds 
  Import took 0.022731 seconds .

========================================================================
Received Import Request.
  Time since last request: 0.000176 seconds.
  path: Assets/topdown-shooter/PNG/Tiles/tile_482.png
  artifactKey: Guid(1b82f5ccfecb573469d06c304c6c7fa3) Importer(815301076,1909f56bfc062723c751e8b465ee728b)
Start importing Assets/topdown-shooter/PNG/Tiles/tile_482.png using Guid(1b82f5ccfecb573469d06c304c6c7fa3) Importer(815301076,1909f56bfc062723c751e8b465ee728b)  -> (artifact id: 'b8f11398c8d20782c9260a26f597a4cb') in 0.027342 seconds 
  Import took 0.030440 seconds .

========================================================================
Received Import Request.
  Time since last request: 0.000171 seconds.
  path: Assets/topdown-shooter/PNG/Tiles/tile_483.png
  artifactKey: Guid(eaf3385f2ac7840409e0cda5162fb571) Importer(815301076,1909f56bfc062723c751e8b465ee728b)
Start importing Assets/topdown-shooter/PNG/Tiles/tile_483.png using Guid(eaf3385f2ac7840409e0cda5162fb571) Importer(815301076,1909f56bfc062723c751e8b465ee728b)  -> (artifact id: '5c964c6628b4441a113471092dfce530') in 0.027663 seconds 
  Import took 0.030632 seconds .

========================================================================
Received Import Request.
  Time since last request: 0.000154 seconds.
  path: Assets/topdown-shooter/PNG/Tiles/tile_484.png
  artifactKey: Guid(fd3725cf1195b1d4ab4be7903aa199a6) Importer(815301076,1909f56bfc062723c751e8b465ee728b)
Start importing Assets/topdown-shooter/PNG/Tiles/tile_484.png using Guid(fd3725cf1195b1d4ab4be7903aa199a6) Importer(815301076,1909f56bfc062723c751e8b465ee728b)  -> (artifact id: 'b36f4f7a95ac033c2d9e3ca57517a614') in 0.024110 seconds 
  Import took 0.027067 seconds .

========================================================================
Received Import Request.
  Time since last request: 0.000194 seconds.
  path: Assets/topdown-shooter/PNG/Tiles/tile_481.png
  artifactKey: Guid(2acd62220bfb6ee4680a067ecd3f45e9) Importer(815301076,1909f56bfc062723c751e8b465ee728b)
Start importing Assets/topdown-shooter/PNG/Tiles/tile_481.png using Guid(2acd62220bfb6ee4680a067ecd3f45e9) Importer(815301076,1909f56bfc062723c751e8b465ee728b)  -> (artifact id: '282a8f03cfc154240fd95ac7cf165610') in 0.021219 seconds 
  Import took 0.024616 seconds .

========================================================================
Received Import Request.
  Time since last request: 0.000174 seconds.
  path: Assets/topdown-shooter/PNG/Tiles/tile_487.png
  artifactKey: Guid(41538a86f8f51e64ea72e1baaa64996c) Importer(815301076,1909f56bfc062723c751e8b465ee728b)
Start importing Assets/topdown-shooter/PNG/Tiles/tile_487.png using Guid(41538a86f8f51e64ea72e1baaa64996c) Importer(815301076,1909f56bfc062723c751e8b465ee728b)  -> (artifact id: '7640f815c8746bf0fa9c570caf9e9e73') in 0.026772 seconds 
  Import took 0.029718 seconds .

========================================================================
Received Import Request.
  Time since last request: 0.000162 seconds.
  path: Assets/topdown-shooter/PNG/Tiles/tile_488.png
  artifactKey: Guid(2eb26d2be44092d46aad9d517d52a282) Importer(815301076,1909f56bfc062723c751e8b465ee728b)
Start importing Assets/topdown-shooter/PNG/Tiles/tile_488.png using Guid(2eb26d2be44092d46aad9d517d52a282) Importer(815301076,1909f56bfc062723c751e8b465ee728b)  -> (artifact id: 'c417a8e19115a813064a7843f3f38631') in 0.019513 seconds 
  Import took 0.022307 seconds .

========================================================================
Received Prepare
Registering precompiled user dll's ...
Registered in 0.005497 seconds.
Begin MonoManager ReloadAssembly
Native extension for WindowsStandalone target not found
Native extension for WebGL target not found
Refreshing native plugins compatible for Editor in 0.62 ms, found 3 plugins.
Preloading 0 native plugins for Editor in 0.00 ms.
Mono: successfully reloaded assembly
- Completed reload, in  1.509 seconds
Domain Reload Profiling:
	ReloadAssembly (1509ms)
		BeginReloadAssembly (139ms)
			ExecutionOrderSort (0ms)
			DisableScriptedObjects (6ms)
			BackupInstance (0ms)
			ReleaseScriptingObjects (0ms)
			CreateAndSetChildDomain (37ms)
		EndReloadAssembly (1255ms)
			LoadAssemblies (135ms)
			RebuildTransferFunctionScriptingTraits (0ms)
			SetupTypeCache (524ms)
			ReleaseScriptCaches (1ms)
			RebuildScriptCaches (113ms)
			SetupLoadedEditorAssemblies (356ms)
				LogAssemblyErrors (0ms)
				InitializePlatformSupportModulesInManaged (6ms)
				SetLoadedEditorAssemblies (0ms)
				RefreshPlugins (1ms)
				BeforeProcessingInitializeOnLoad (113ms)
				ProcessInitializeOnLoadAttributes (217ms)
				ProcessInitializeOnLoadMethodAttributes (5ms)
				AfterProcessingInitializeOnLoad (13ms)
				EditorAssembliesLoaded (0ms)
			ExecutionOrderSort2 (0ms)
			AwakeInstancesAfterBackupRestoration (11ms)
Platform modules already initialized, skipping
Refreshing native plugins compatible for Editor in 0.65 ms, found 3 plugins.
Preloading 0 native plugins for Editor in 0.00 ms.
Unloading 2093 Unused Serialized files (Serialized files now loaded: 0)
System memory in use before: 95.8 MB.
System memory in use after: 95.9 MB.

Unloading 14 unused Assets to reduce memory usage. Loaded Objects now: 2568.
Total: 3.906600 ms (FindLiveObjects: 0.294200 ms CreateObjectMapping: 0.060800 ms MarkObjects: 3.528900 ms  DeleteObjects: 0.021100 ms)

AssetImportParameters requested are different than current active one (requested -> active):
  custom:framework-win-MediaFoundation: 216162199b28c13a410421893ffa2e32 -> 
  custom:video-decoder-ogg-theora: a1e56fd34408186e4bbccfd4996cb3dc -> 
  custom:container-muxer-webm: aa71ff27fc2769a1b78a27578f13a17b -> 
  custom:container-demuxer-webm: 4f35f7cbe854078d1ac9338744f61a02 -> 
  custom:container-demuxer-ogg: 62fdf1f143b41e24485cea50d1cbac27 -> 
  custom:video-encoder-webm-vp8: eb34c28f22e8b96e1ab97ce403110664 -> 
  custom:video-decoder-webm-vp8: 9c59270c3fd7afecdb556c50c9e8de78 -> 
  custom:audio-decoder-ogg-vorbis: bf7c407c2cedff20999df2af8eb42d56 -> 
  custom:audio-encoder-webm-vorbis: bf7c407c2cedff20999df2af8eb42d56 -> 
========================================================================
Received Prepare
Registering precompiled user dll's ...
Registered in 0.004353 seconds.
Begin MonoManager ReloadAssembly
Native extension for WindowsStandalone target not found
Native extension for WebGL target not found
Refreshing native plugins compatible for Editor in 0.60 ms, found 3 plugins.
Preloading 0 native plugins for Editor in 0.00 ms.
Mono: successfully reloaded assembly
- Completed reload, in  0.967 seconds
Domain Reload Profiling:
	ReloadAssembly (967ms)
		BeginReloadAssembly (126ms)
			ExecutionOrderSort (0ms)
			DisableScriptedObjects (5ms)
			BackupInstance (0ms)
			ReleaseScriptingObjects (0ms)
			CreateAndSetChildDomain (33ms)
		EndReloadAssembly (772ms)
			LoadAssemblies (98ms)
			RebuildTransferFunctionScriptingTraits (0ms)
			SetupTypeCache (248ms)
			ReleaseScriptCaches (1ms)
			RebuildScriptCaches (37ms)
			SetupLoadedEditorAssemblies (305ms)
				LogAssemblyErrors (0ms)
				InitializePlatformSupportModulesInManaged (5ms)
				SetLoadedEditorAssemblies (1ms)
				RefreshPlugins (1ms)
				BeforeProcessingInitializeOnLoad (104ms)
				ProcessInitializeOnLoadAttributes (179ms)
				ProcessInitializeOnLoadMethodAttributes (4ms)
				AfterProcessingInitializeOnLoad (11ms)
				EditorAssembliesLoaded (0ms)
			ExecutionOrderSort2 (0ms)
			AwakeInstancesAfterBackupRestoration (9ms)
Platform modules already initialized, skipping
Refreshing native plugins compatible for Editor in 0.63 ms, found 3 plugins.
Preloading 0 native plugins for Editor in 0.00 ms.
Unloading 2093 Unused Serialized files (Serialized files now loaded: 0)
System memory in use before: 95.9 MB.
System memory in use after: 96.0 MB.

Unloading 14 unused Assets to reduce memory usage. Loaded Objects now: 2571.
Total: 3.035500 ms (FindLiveObjects: 0.250500 ms CreateObjectMapping: 0.054300 ms MarkObjects: 2.712500 ms  DeleteObjects: 0.017100 ms)

AssetImportParameters requested are different than current active one (requested -> active):
  custom:framework-win-MediaFoundation: 216162199b28c13a410421893ffa2e32 -> 
  custom:video-decoder-ogg-theora: a1e56fd34408186e4bbccfd4996cb3dc -> 
  custom:container-muxer-webm: aa71ff27fc2769a1b78a27578f13a17b -> 
  custom:container-demuxer-webm: 4f35f7cbe854078d1ac9338744f61a02 -> 
  custom:container-demuxer-ogg: 62fdf1f143b41e24485cea50d1cbac27 -> 
  custom:video-encoder-webm-vp8: eb34c28f22e8b96e1ab97ce403110664 -> 
  custom:video-decoder-webm-vp8: 9c59270c3fd7afecdb556c50c9e8de78 -> 
  custom:audio-decoder-ogg-vorbis: bf7c407c2cedff20999df2af8eb42d56 -> 
  custom:audio-encoder-webm-vorbis: bf7c407c2cedff20999df2af8eb42d56 -> 
AssetImportWorkerClient::OnTransportError - code=2 error=End of file
